<?xml version="1.0" encoding="UTF-8"?>
<!-- Generated by org.testng.reporters.JUnitReportReporter -->
<testsuite skipped="0" hostname="SBN-PF16FXJC-FA-ITS-L" name="Academy.ValidateNavigationBar" tests="1" failures="0" timestamp="2020-06-30T19:43:49 EDT" time="47.420" errors="0">
  <testcase name="basePageNavigation" time="47.420" classname="Academy.ValidateNavigationBar"/>
  <system-out/>
</testsuite> <!-- Academy.ValidateNavigationBar -->
