<?xml version="1.0" encoding="UTF-8"?>
<!-- Generated by org.testng.reporters.JUnitReportReporter -->
<testsuite skipped="0" hostname="SBN-PF16FXJC-FA-ITS-L" name="Academy.ValidateTitle" tests="1" failures="0" timestamp="2020-06-30T19:43:49 EDT" time="52.556" errors="0">
  <testcase name="basePageNavigation" time="52.556" classname="Academy.ValidateTitle"/>
  <system-out/>
</testsuite> <!-- Academy.ValidateTitle -->
