<?xml version="1.0" encoding="UTF-8"?>
<!-- Generated by org.testng.reporters.JUnitReportReporter -->
<testsuite skipped="0" hostname="SBN-PF16FXJC-FA-ITS-L" name="Academy.AppTest" tests="1" failures="0" timestamp="2020-06-02T08:34:50 EDT" time="0.011" errors="0">
  <testcase name="shouldAnswerWithTrue" time="0.011" classname="Academy.AppTest"/>
  <system-out/>
</testsuite> <!-- Academy.AppTest -->
