<?xml version="1.0" encoding="UTF-8"?>
<!-- Generated by org.testng.reporters.JUnitReportReporter -->
<testsuite skipped="0" hostname="SBN-PF16FXJC-FA-ITS-L" name="Academy.HomePage" tests="1" failures="0" timestamp="2020-06-10T08:27:08 EDT" time="74.613" errors="0">
  <testcase name="basePageNavigation" time="74.613" classname="Academy.HomePage"/>
  <system-out/>
</testsuite> <!-- Academy.HomePage -->
