<?xml version="1.0" encoding="UTF-8"?>
<!-- Generated by org.testng.reporters.JUnitReportReporter -->
<testsuite skipped="0" hostname="SBN-PF16FXJC-FA-ITS-L" name="Academy.ValidateTitle" tests="1" failures="0" timestamp="2020-06-08T20:22:12 EDT" time="82.647" errors="0">
  <testcase name="basePageNavigation" time="82.647" classname="Academy.ValidateTitle"/>
  <system-out/>
</testsuite> <!-- Academy.ValidateTitle -->
